# JRE version: Java(TM) SE Runtime Environment (8.0_202-b08) (build 1.8.0_202-b08)
# Java VM: Java HotSpot(TM) 64-Bit Server VM (25.202-b08 mixed mode windows-amd64 compressed oops)
Heap:
 PSYoungGen      total 110592K, used 103783K [0x000000076b400000, 0x0000000772c00000, 0x00000007c0000000)
  eden space 104448K, 93% used [0x000000076b400000,0x00000007713746d8,0x0000000771a00000)
  from space 6144K, 98% used [0x0000000772600000,0x0000000772be55c0,0x0000000772c00000)
  to   space 8704K, 0% used [0x0000000771b00000,0x0000000771b00000,0x0000000772380000)
 ParOldGen       total 96256K, used 7475K [0x00000006c1c00000, 0x00000006c7a00000, 0x000000076b400000)
  object space 96256K, 7% used [0x00000006c1c00000,0x00000006c234cce8,0x00000006c7a00000)
 Metaspace       used 30324K, capacity 32324K, committed 32640K, reserved 1077248K
  class space    used 4024K, capacity 4408K, committed 4480K, reserved 1048576K
GC Heap History (10 events):
Event: 5.092 GC heap before
{Heap before GC invocations=3 (full 0):
 PSYoungGen      total 76288K, used 71655K [0x000000076b400000, 0x0000000770900000, 0x00000007c0000000)
  eden space 65536K, 100% used [0x000000076b400000,0x000000076f400000,0x000000076f400000)
  from space 10752K, 56% used [0x000000076fe80000,0x0000000770479ff8,0x0000000770900000)
  to   space 10752K, 0% used [0x000000076f400000,0x000000076f400000,0x000000076fe80000)
 ParOldGen       total 175104K, used 24K [0x00000006c1c00000, 0x00000006cc700000, 0x000000076b400000)
  object space 175104K, 0% used [0x00000006c1c00000,0x00000006c1c06000,0x00000006cc700000)
 Metaspace       used 17197K, capacity 18504K, committed 18688K, reserved 1064960K
  class space    used 2249K, capacity 2518K, committed 2560K, reserved 1048576K
Event: 5.099 GC heap after
Heap after GC invocations=3 (full 0):
 PSYoungGen      total 76288K, used 7343K [0x000000076b400000, 0x0000000770900000, 0x00000007c0000000)
  eden space 65536K, 0% used [0x000000076b400000,0x000000076b400000,0x000000076f400000)
  from space 10752K, 68% used [0x000000076f400000,0x000000076fb2bcf8,0x000000076fe80000)
  to   space 10752K, 0% used [0x000000076fe80000,0x000000076fe80000,0x0000000770900000)
 ParOldGen       total 175104K, used 32K [0x00000006c1c00000, 0x00000006cc700000, 0x000000076b400000)
  object space 175104K, 0% used [0x00000006c1c00000,0x00000006c1c08000,0x00000006cc700000)
 Metaspace       used 17197K, capacity 18504K, committed 18688K, reserved 1064960K
  class space    used 2249K, capacity 2518K, committed 2560K, reserved 1048576K
}
Event: 5.342 GC heap before
{Heap before GC invocations=4 (full 0):
 PSYoungGen      total 76288K, used 65492K [0x000000076b400000, 0x0000000770900000, 0x00000007c0000000)
  eden space 65536K, 88% used [0x000000076b400000,0x000000076ecc9578,0x000000076f400000)
  from space 10752K, 68% used [0x000000076f400000,0x000000076fb2bcf8,0x000000076fe80000)
  to   space 10752K, 0% used [0x000000076fe80000,0x000000076fe80000,0x0000000770900000)
 ParOldGen       total 175104K, used 32K [0x00000006c1c00000, 0x00000006cc700000, 0x000000076b400000)
  object space 175104K, 0% used [0x00000006c1c00000,0x00000006c1c08000,0x00000006cc700000)
 Metaspace       used 19738K, capacity 21118K, committed 21296K, reserved 1067008K
  class space    used 2670K, capacity 2931K, committed 2944K, reserved 1048576K
Event: 5.351 GC heap after
Heap after GC invocations=4 (full 0):
 PSYoungGen      total 76288K, used 7704K [0x000000076b400000, 0x0000000770900000, 0x00000007c0000000)
  eden space 65536K, 0% used [0x000000076b400000,0x000000076b400000,0x000000076f400000)
  from space 10752K, 71% used [0x000000076fe80000,0x0000000770606068,0x0000000770900000)
  to   space 10752K, 0% used [0x000000076f400000,0x000000076f400000,0x000000076fe80000)
 ParOldGen       total 175104K, used 40K [0x00000006c1c00000, 0x00000006cc700000, 0x000000076b400000)
  object space 175104K, 0% used [0x00000006c1c00000,0x00000006c1c0a000,0x00000006cc700000)
 Metaspace       used 19738K, capacity 21118K, committed 21296K, reserved 1067008K
  class space    used 2670K, capacity 2931K, committed 2944K, reserved 1048576K
}
Event: 5.352 GC heap before
{Heap before GC invocations=5 (full 1):
 PSYoungGen      total 76288K, used 7704K [0x000000076b400000, 0x0000000770900000, 0x00000007c0000000)
  eden space 65536K, 0% used [0x000000076b400000,0x000000076b400000,0x000000076f400000)
  from space 10752K, 71% used [0x000000076fe80000,0x0000000770606068,0x0000000770900000)
  to   space 10752K, 0% used [0x000000076f400000,0x000000076f400000,0x000000076fe80000)
 ParOldGen       total 175104K, used 40K [0x00000006c1c00000, 0x00000006cc700000, 0x000000076b400000)
  object space 175104K, 0% used [0x00000006c1c00000,0x00000006c1c0a000,0x00000006cc700000)
 Metaspace       used 19738K, capacity 21118K, committed 21296K, reserved 1067008K
  class space    used 2670K, capacity 2931K, committed 2944K, reserved 1048576K
Event: 5.388 GC heap after
Heap after GC invocations=5 (full 1):
 PSYoungGen      total 76288K, used 0K [0x000000076b400000, 0x0000000770900000, 0x00000007c0000000)
  eden space 65536K, 0% used [0x000000076b400000,0x000000076b400000,0x000000076f400000)
  from space 10752K, 0% used [0x000000076fe80000,0x000000076fe80000,0x0000000770900000)
  to   space 10752K, 0% used [0x000000076f400000,0x000000076f400000,0x000000076fe80000)
 ParOldGen       total 96256K, used 7467K [0x00000006c1c00000, 0x00000006c7a00000, 0x000000076b400000)
  object space 96256K, 7% used [0x00000006c1c00000,0x00000006c234ace8,0x00000006c7a00000)
 Metaspace       used 19738K, capacity 21118K, committed 21296K, reserved 1067008K
  class space    used 2670K, capacity 2931K, committed 2944K, reserved 1048576K
}
Event: 5.676 GC heap before
{Heap before GC invocations=6 (full 1):
 PSYoungGen      total 76288K, used 65536K [0x000000076b400000, 0x0000000770900000, 0x00000007c0000000)
  eden space 65536K, 100% used [0x000000076b400000,0x000000076f400000,0x000000076f400000)
  from space 10752K, 0% used [0x000000076fe80000,0x000000076fe80000,0x0000000770900000)
  to   space 10752K, 0% used [0x000000076f400000,0x000000076f400000,0x000000076fe80000)
 ParOldGen       total 96256K, used 7467K [0x00000006c1c00000, 0x00000006c7a00000, 0x000000076b400000)
  object space 96256K, 7% used [0x00000006c1c00000,0x00000006c234ace8,0x00000006c7a00000)
 Metaspace       used 23463K, capacity 25098K, committed 25344K, reserved 1071104K
  class space    used 3172K, capacity 3497K, committed 3584K, reserved 1048576K
Event: 5.680 GC heap after
Heap after GC invocations=6 (full 1):
 PSYoungGen      total 76288K, used 4779K [0x000000076b400000, 0x0000000772e80000, 0x00000007c0000000)
  eden space 65536K, 0% used [0x000000076b400000,0x000000076b400000,0x000000076f400000)
  from space 10752K, 44% used [0x000000076f400000,0x000000076f8aad38,0x000000076fe80000)
  to   space 8704K, 0% used [0x0000000772600000,0x0000000772600000,0x0000000772e80000)
 ParOldGen       total 96256K, used 7467K [0x00000006c1c00000, 0x00000006c7a00000, 0x000000076b400000)
  object space 96256K, 7% used [0x00000006c1c00000,0x00000006c234ace8,0x00000006c7a00000)
 Metaspace       used 23463K, capacity 25098K, committed 25344K, reserved 1071104K
  class space    used 3172K, capacity 3497K, committed 3584K, reserved 1048576K
}
Event: 8.100 GC heap before
{Heap before GC invocations=7 (full 1):
 PSYoungGen      total 76288K, used 70315K [0x000000076b400000, 0x0000000772e80000, 0x00000007c0000000)
  eden space 65536K, 100% used [0x000000076b400000,0x000000076f400000,0x000000076f400000)
  from space 10752K, 44% used [0x000000076f400000,0x000000076f8aad38,0x000000076fe80000)
  to   space 8704K, 0% used [0x0000000772600000,0x0000000772600000,0x0000000772e80000)
 ParOldGen       total 96256K, used 7467K [0x00000006c1c00000, 0x00000006c7a00000, 0x000000076b400000)
  object space 96256K, 7% used [0x00000006c1c00000,0x00000006c234ace8,0x00000006c7a00000)
 Metaspace       used 27317K, capacity 29104K, committed 29440K, reserved 1075200K
  class space    used 3663K, capacity 4030K, committed 4096K, reserved 1048576K
Event: 8.105 GC heap after
Heap after GC invocations=7 (full 1):
 PSYoungGen      total 110592K, used 6037K [0x000000076b400000, 0x0000000772c00000, 0x00000007c0000000)
  eden space 104448K, 0% used [0x000000076b400000,0x000000076b400000,0x0000000771a00000)
  from space 6144K, 98% used [0x0000000772600000,0x0000000772be55c0,0x0000000772c00000)
  to   space 8704K, 0% used [0x0000000771b00000,0x0000000771b00000,0x0000000772380000)
 ParOldGen       total 96256K, used 7475K [0x00000006c1c00000, 0x00000006c7a00000, 0x000000076b400000)
  object space 96256K, 7% used [0x00000006c1c00000,0x00000006c234cce8,0x00000006c7a00000)
 Metaspace       used 27317K, capacity 29104K, committed 29440K, reserved 1075200K
  class space    used 3663K, capacity 4030K, committed 4096K, reserved 1048576K
}

